生成启动时间为 2017/5/3 8:27:50。
     1>项目“E:\c#\file\file\file.vcxproj”在节点 2 上(build 个目标)。
     1>PrepareForBuild:
         正在创建目录“E:\c#\file\Release\”。
       InitializeBuildStatus:
         正在创建“Release\file.unsuccessfulbuild”，因为已指定“AlwaysCreate”。
       ClCompile:
         C:\Program Files\Microsoft Visual Studio 10.0\VC\bin\CL.exe /c /Zi /nologo /W3 /WX- /O2 /Oi /Oy- /GL /D _MBCS /Gm- /EHsc /MD /GS /Gy /fp:precise /Zc:wchar_t /Zc:forScope /Fo"Release\\" /Fd"Release\vc100.pdb" /Gd /TP /analyze- /errorReport:prompt dirfile.cpp
         dirfile.cpp
     1>dirfile.cpp(28): warning C4996: 'mkdir': The POSIX name for this item is deprecated. Instead, use the ISO C++ conformant name: _mkdir. See online help for details.
                 C:\Program Files\Microsoft Visual Studio 10.0\VC\include\direct.h(124) : 参见“mkdir”的声明
     1>dirfile.cpp(45): warning C4018: “<”: 有符号/无符号不匹配
     1>dirfile.cpp(99): warning C4996: 'strcpy': This function or variable may be unsafe. Consider using strcpy_s instead. To disable deprecation, use _CRT_SECURE_NO_WARNINGS. See online help for details.
                 C:\Program Files\Microsoft Visual Studio 10.0\VC\include\string.h(105) : 参见“strcpy”的声明
     1>dirfile.cpp(100): warning C4996: 'strcpy': This function or variable may be unsafe. Consider using strcpy_s instead. To disable deprecation, use _CRT_SECURE_NO_WARNINGS. See online help for details.
                 C:\Program Files\Microsoft Visual Studio 10.0\VC\include\string.h(105) : 参见“strcpy”的声明
       Link:
         C:\Program Files\Microsoft Visual Studio 10.0\VC\bin\link.exe /ERRORREPORT:PROMPT /OUT:"E:\c#\file\Release\file.exe" /NOLOGO kernel32.lib user32.lib gdi32.lib winspool.lib comdlg32.lib advapi32.lib shell32.lib ole32.lib oleaut32.lib uuid.lib odbc32.lib odbccp32.lib /MANIFEST /ManifestFile:"Release\file.exe.intermediate.manifest" /MANIFESTUAC:"level='asInvoker' uiAccess='false'" /DEBUG /PDB:"E:\c#\file\Release\file.pdb" /OPT:REF /OPT:ICF /LTCG /TLBID:1 /DYNAMICBASE /NXCOMPAT /IMPLIB:"E:\c#\file\Release\file.lib" /MACHINE:X86 Release\dirfile.obj
         正在生成代码
     1>e:\c#\file\file\dirfile.cpp(38): warning C4715: “isdir”: 不是所有的控件路径都返回值
         已完成代码的生成
         file.vcxproj -> E:\c#\file\Release\file.exe
       Manifest:
         C:\Program Files\Microsoft SDKs\Windows\v7.0A\bin\mt.exe /nologo /verbose /outputresource:"E:\c#\file\Release\file.exe;#1" /manifest Release\file.exe.intermediate.manifest
       FinalizeBuildStatus:
         正在删除文件“Release\file.unsuccessfulbuild”。
         正在对“Release\file.lastbuildstate”执行 Touch 任务。
     1>已完成生成项目“E:\c#\file\file\file.vcxproj”(build 个目标)的操作。

生成成功。

已用时间 00:00:01.36
